[ 2025-09-06 16:00:14,965 ] 1025 httpx - INFO - HTTP Request: GET https://dagshub.com/api/v1/user "HTTP/1.1 200 OK"
[ 2025-09-06 16:00:14,971 ] 107 dagshub - INFO - Accessing as Hima0456
[ 2025-09-06 16:00:15,354 ] 1025 httpx - INFO - HTTP Request: GET https://dagshub.com/api/v1/repos/Hima0456/NetworkSecurity "HTTP/1.1 200 OK"
[ 2025-09-06 16:00:15,665 ] 1025 httpx - INFO - HTTP Request: GET https://dagshub.com/api/v1/user "HTTP/1.1 200 OK"
[ 2025-09-06 16:00:15,669 ] 107 dagshub - INFO - Initialized MLflow to track repo "Hima0456/NetworkSecurity"
[ 2025-09-06 16:00:15,670 ] 107 dagshub - INFO - Repository Hima0456/NetworkSecurity initialized!
[ 2025-09-06 16:00:15,671 ] 20 root - INFO - Initiate the data ingestion
[ 2025-09-06 16:00:18,211 ] 65 root - INFO - Performed train test split on the dataframe
[ 2025-09-06 16:00:18,211 ] 67 root - INFO - Exited split_data_as_train_test method of Data_Ingestion class
[ 2025-09-06 16:00:18,211 ] 75 root - INFO - Exporting train and test file path.
[ 2025-09-06 16:00:18,233 ] 84 root - INFO - Exported train and test file path.
[ 2025-09-06 16:00:18,233 ] 22 root - INFO - Data Initiation Completed
[ 2025-09-06 16:00:18,235 ] 26 root - INFO - Initiate the data Validation
[ 2025-09-06 16:00:18,242 ] 32 root - INFO - Required number of columns:2
[ 2025-09-06 16:00:18,242 ] 33 root - INFO - Data frame has columns:31
[ 2025-09-06 16:00:18,242 ] 32 root - INFO - Required number of columns:2
[ 2025-09-06 16:00:18,242 ] 33 root - INFO - Data frame has columns:31
[ 2025-09-06 16:00:18,298 ] 28 root - INFO - data Validation Completed
[ 2025-09-06 16:00:18,298 ] 32 root - INFO - data Transformation started
[ 2025-09-06 16:00:18,298 ] 63 root - INFO - Entered initiate_data_transformation method of DataTransformation class
[ 2025-09-06 16:00:18,298 ] 65 root - INFO - Starting data transformation
[ 2025-09-06 16:00:18,305 ] 48 root - INFO - Entered get_data_trnasformer_object method of Trnasformation class
[ 2025-09-06 16:00:18,305 ] 53 root - INFO - Initialise KNNImputer with {'missing_values': nan, 'n_neighbors': 3, 'weights': 'uniform'}
[ 2025-09-06 16:00:18,308 ] 46 root - INFO - Entered the save_object method of MainUtils class
[ 2025-09-06 16:00:18,309 ] 50 root - INFO - Exited the save_object method of MainUtils class
[ 2025-09-06 16:00:18,309 ] 46 root - INFO - Entered the save_object method of MainUtils class
[ 2025-09-06 16:00:18,309 ] 50 root - INFO - Exited the save_object method of MainUtils class
[ 2025-09-06 16:00:18,310 ] 36 root - INFO - data Transformation completed
[ 2025-09-06 16:00:18,310 ] 38 root - INFO - Model Training stared
