[ 2025-09-06 15:42:39,361 ] 1025 httpx - INFO - HTTP Request: GET https://dagshub.com/api/v1/user "HTTP/1.1 200 OK"
[ 2025-09-06 15:42:39,365 ] 107 dagshub - INFO - Accessing as Hima0456
[ 2025-09-06 15:42:39,791 ] 1025 httpx - INFO - HTTP Request: GET https://dagshub.com/api/v1/repos/Hima0456/NetworkSecurity "HTTP/1.1 200 OK"
[ 2025-09-06 15:42:40,087 ] 1025 httpx - INFO - HTTP Request: GET https://dagshub.com/api/v1/user "HTTP/1.1 200 OK"
[ 2025-09-06 15:42:40,090 ] 107 dagshub - INFO - Initialized MLflow to track repo "Hima0456/NetworkSecurity"
[ 2025-09-06 15:42:40,091 ] 107 dagshub - INFO - Repository Hima0456/NetworkSecurity initialized!
[ 2025-09-06 15:42:40,091 ] 20 root - INFO - Initiate the data ingestion
[ 2025-09-06 15:42:43,664 ] 65 root - INFO - Performed train test split on the dataframe
[ 2025-09-06 15:42:43,664 ] 67 root - INFO - Exited split_data_as_train_test method of Data_Ingestion class
[ 2025-09-06 15:42:43,664 ] 75 root - INFO - Exporting train and test file path.
[ 2025-09-06 15:42:43,687 ] 84 root - INFO - Exported train and test file path.
[ 2025-09-06 15:42:43,687 ] 22 root - INFO - Data Initiation Completed
[ 2025-09-06 15:42:43,689 ] 26 root - INFO - Initiate the data Validation
[ 2025-09-06 15:42:43,698 ] 32 root - INFO - Required number of columns:2
[ 2025-09-06 15:42:43,699 ] 33 root - INFO - Data frame has columns:31
[ 2025-09-06 15:42:43,699 ] 32 root - INFO - Required number of columns:2
[ 2025-09-06 15:42:43,699 ] 33 root - INFO - Data frame has columns:31
[ 2025-09-06 15:42:43,787 ] 28 root - INFO - data Validation Completed
[ 2025-09-06 15:42:43,787 ] 32 root - INFO - data Transformation started
[ 2025-09-06 15:42:43,787 ] 63 root - INFO - Entered initiate_data_transformation method of DataTransformation class
[ 2025-09-06 15:42:43,787 ] 65 root - INFO - Starting data transformation
[ 2025-09-06 15:42:43,796 ] 48 root - INFO - Entered get_data_trnasformer_object method of Trnasformation class
[ 2025-09-06 15:42:43,796 ] 53 root - INFO - Initialise KNNImputer with {'missing_values': nan, 'n_neighbors': 3, 'weights': 'uniform'}
[ 2025-09-06 15:42:43,801 ] 46 root - INFO - Entered the save_object method of MainUtils class
[ 2025-09-06 15:42:43,802 ] 50 root - INFO - Exited the save_object method of MainUtils class
[ 2025-09-06 15:42:43,802 ] 46 root - INFO - Entered the save_object method of MainUtils class
[ 2025-09-06 15:42:43,803 ] 50 root - INFO - Exited the save_object method of MainUtils class
[ 2025-09-06 15:42:43,803 ] 36 root - INFO - data Transformation completed
[ 2025-09-06 15:42:43,803 ] 38 root - INFO - Model Training stared
