[ 2025-09-06 19:09:35,643 ] 1025 httpx - INFO - HTTP Request: GET https://dagshub.com/api/v1/user "HTTP/1.1 200 OK"
[ 2025-09-06 19:09:35,646 ] 107 dagshub - INFO - Accessing as Hima0456
[ 2025-09-06 19:09:35,856 ] 1025 httpx - INFO - HTTP Request: GET https://dagshub.com/api/v1/repos/Hima0456/NetworkSecurity "HTTP/1.1 200 OK"
[ 2025-09-06 19:09:35,983 ] 1025 httpx - INFO - HTTP Request: GET https://dagshub.com/api/v1/user "HTTP/1.1 200 OK"
[ 2025-09-06 19:09:35,984 ] 107 dagshub - INFO - Initialized MLflow to track repo "Hima0456/NetworkSecurity"
[ 2025-09-06 19:09:35,985 ] 107 dagshub - INFO - Repository Hima0456/NetworkSecurity initialized!
[ 2025-09-06 19:09:58,722 ] 42 root - INFO - Start data Ingestion
[ 2025-09-06 19:10:00,290 ] 65 root - INFO - Performed train test split on the dataframe
[ 2025-09-06 19:10:00,290 ] 67 root - INFO - Exited split_data_as_train_test method of Data_Ingestion class
[ 2025-09-06 19:10:00,290 ] 75 root - INFO - Exporting train and test file path.
[ 2025-09-06 19:10:00,312 ] 84 root - INFO - Exported train and test file path.
[ 2025-09-06 19:10:00,313 ] 45 root - INFO - Data Ingestion completed and artifact: DataIngestionArtifact(trained_file_path='Artifacts/09_06_2025_19_09_34/data_ingestion/ingested/train.csv', test_file_path='Artifacts/09_06_2025_19_09_34/data_ingestion/ingested/test.csv')
[ 2025-09-06 19:10:00,315 ] 55 root - INFO - Initiate the data Validation
[ 2025-09-06 19:10:00,322 ] 32 root - INFO - Required number of columns:2
[ 2025-09-06 19:10:00,322 ] 33 root - INFO - Data frame has columns:31
[ 2025-09-06 19:10:00,322 ] 32 root - INFO - Required number of columns:2
[ 2025-09-06 19:10:00,322 ] 33 root - INFO - Data frame has columns:31
[ 2025-09-06 19:10:00,387 ] 63 root - INFO - Entered initiate_data_transformation method of DataTransformation class
[ 2025-09-06 19:10:00,387 ] 65 root - INFO - Starting data transformation
[ 2025-09-06 19:10:00,394 ] 48 root - INFO - Entered get_data_trnasformer_object method of Trnasformation class
[ 2025-09-06 19:10:00,394 ] 53 root - INFO - Initialise KNNImputer with {'missing_values': nan, 'n_neighbors': 3, 'weights': 'uniform'}
[ 2025-09-06 19:10:00,398 ] 46 root - INFO - Entered the save_object method of MainUtils class
[ 2025-09-06 19:10:00,399 ] 50 root - INFO - Exited the save_object method of MainUtils class
[ 2025-09-06 19:10:00,399 ] 46 root - INFO - Entered the save_object method of MainUtils class
[ 2025-09-06 19:10:00,400 ] 50 root - INFO - Exited the save_object method of MainUtils class
[ 2025-09-06 19:11:55,517 ] 62 root - INFO - MLflow logging successful: metrics and model artifact logged.
[ 2025-09-06 19:12:20,613 ] 62 root - INFO - MLflow logging successful: metrics and model artifact logged.
[ 2025-09-06 19:12:20,896 ] 46 root - INFO - Entered the save_object method of MainUtils class
[ 2025-09-06 19:12:20,897 ] 50 root - INFO - Exited the save_object method of MainUtils class
[ 2025-09-06 19:12:20,897 ] 46 root - INFO - Entered the save_object method of MainUtils class
[ 2025-09-06 19:12:20,925 ] 50 root - INFO - Exited the save_object method of MainUtils class
[ 2025-09-06 19:12:20,926 ] 142 root - INFO - Model trainer artifact: ModelTrainerArtifact(trained_model_file_path='Artifacts/09_06_2025_19_09_34/model_trainer/trained_model/model.pkl', train_metric_artifact=ClassificationMetricArtifact(f1_score=0.9908777620109467, precision_score=0.9884732052578362, recall_score=0.9932940459256249), test_metric_artifact=ClassificationMetricArtifact(f1_score=0.98105602579605, precision_score=0.9775100401606426, recall_score=0.9846278317152104))
