[ 2025-09-06 16:20:33,210 ] 1025 httpx - INFO - HTTP Request: GET https://dagshub.com/api/v1/user "HTTP/1.1 200 OK"
[ 2025-09-06 16:20:33,214 ] 107 dagshub - INFO - Accessing as Hima0456
[ 2025-09-06 16:20:33,579 ] 1025 httpx - INFO - HTTP Request: GET https://dagshub.com/api/v1/repos/Hima0456/NetworkSecurity "HTTP/1.1 200 OK"
[ 2025-09-06 16:20:33,703 ] 1025 httpx - INFO - HTTP Request: GET https://dagshub.com/api/v1/user "HTTP/1.1 200 OK"
[ 2025-09-06 16:20:33,704 ] 107 dagshub - INFO - Initialized MLflow to track repo "Hima0456/NetworkSecurity"
[ 2025-09-06 16:20:33,704 ] 107 dagshub - INFO - Repository Hima0456/NetworkSecurity initialized!
[ 2025-09-06 16:20:33,704 ] 20 root - INFO - Initiate the data ingestion
[ 2025-09-06 16:20:36,132 ] 65 root - INFO - Performed train test split on the dataframe
[ 2025-09-06 16:20:36,132 ] 67 root - INFO - Exited split_data_as_train_test method of Data_Ingestion class
[ 2025-09-06 16:20:36,132 ] 75 root - INFO - Exporting train and test file path.
[ 2025-09-06 16:20:36,156 ] 84 root - INFO - Exported train and test file path.
[ 2025-09-06 16:20:36,156 ] 22 root - INFO - Data Initiation Completed
[ 2025-09-06 16:20:36,159 ] 26 root - INFO - Initiate the data Validation
[ 2025-09-06 16:20:36,166 ] 32 root - INFO - Required number of columns:2
[ 2025-09-06 16:20:36,166 ] 33 root - INFO - Data frame has columns:31
[ 2025-09-06 16:20:36,166 ] 32 root - INFO - Required number of columns:2
[ 2025-09-06 16:20:36,166 ] 33 root - INFO - Data frame has columns:31
[ 2025-09-06 16:20:36,234 ] 28 root - INFO - data Validation Completed
[ 2025-09-06 16:20:36,234 ] 32 root - INFO - data Transformation started
[ 2025-09-06 16:20:36,234 ] 63 root - INFO - Entered initiate_data_transformation method of DataTransformation class
[ 2025-09-06 16:20:36,234 ] 65 root - INFO - Starting data transformation
[ 2025-09-06 16:20:36,242 ] 48 root - INFO - Entered get_data_trnasformer_object method of Trnasformation class
[ 2025-09-06 16:20:36,242 ] 53 root - INFO - Initialise KNNImputer with {'missing_values': nan, 'n_neighbors': 3, 'weights': 'uniform'}
[ 2025-09-06 16:20:36,245 ] 46 root - INFO - Entered the save_object method of MainUtils class
[ 2025-09-06 16:20:36,246 ] 50 root - INFO - Exited the save_object method of MainUtils class
[ 2025-09-06 16:20:36,246 ] 46 root - INFO - Entered the save_object method of MainUtils class
[ 2025-09-06 16:20:36,246 ] 50 root - INFO - Exited the save_object method of MainUtils class
[ 2025-09-06 16:20:36,246 ] 36 root - INFO - data Transformation completed
[ 2025-09-06 16:20:36,246 ] 38 root - INFO - Model Training stared
[ 2025-09-06 16:22:03,615 ] 46 root - INFO - Entered the save_object method of MainUtils class
[ 2025-09-06 16:22:03,615 ] 50 root - INFO - Exited the save_object method of MainUtils class
[ 2025-09-06 16:22:03,615 ] 46 root - INFO - Entered the save_object method of MainUtils class
[ 2025-09-06 16:22:03,621 ] 50 root - INFO - Exited the save_object method of MainUtils class
[ 2025-09-06 16:22:03,621 ] 142 root - INFO - Model trainer artifact: ModelTrainerArtifact(trained_model_file_path='Artifacts/09_06_2025_16_20_31/model_trainer/trained_model/model.pkl', train_metric_artifact=ClassificationMetricArtifact(f1_score=0.9914512517809893, precision_score=0.9902419190892457, recall_score=0.9926635418789485), test_metric_artifact=ClassificationMetricArtifact(f1_score=0.969047619047619, precision_score=0.9614173228346456, recall_score=0.9768))
[ 2025-09-06 16:22:03,621 ] 43 root - INFO - Model Training artifact created
