[ 2025-09-06 15:09:07,406 ] 1025 httpx - INFO - HTTP Request: POST https://dagshub.com/login/oauth/middleman "HTTP/1.1 200 OK"
[ 2025-09-06 15:09:07,519 ] 1025 httpx - INFO - HTTP Request: POST https://dagshub.com/login/oauth/access_token "HTTP/1.1 200 OK"
[ 2025-09-06 15:09:07,649 ] 1025 httpx - INFO - HTTP Request: GET https://dagshub.com/api/v1/user "HTTP/1.1 200 OK"
[ 2025-09-06 15:09:07,652 ] 107 dagshub - INFO - Accessing as Hima0456
[ 2025-09-06 15:09:07,884 ] 1025 httpx - INFO - HTTP Request: GET https://dagshub.com/api/v1/repos/Hima0456/NetworkSecurity "HTTP/1.1 200 OK"
[ 2025-09-06 15:09:08,014 ] 1025 httpx - INFO - HTTP Request: GET https://dagshub.com/api/v1/user "HTTP/1.1 200 OK"
[ 2025-09-06 15:09:08,017 ] 107 dagshub - INFO - Initialized MLflow to track repo "Hima0456/NetworkSecurity"
[ 2025-09-06 15:09:08,017 ] 107 dagshub - INFO - Repository Hima0456/NetworkSecurity initialized!
[ 2025-09-06 15:09:08,018 ] 20 root - INFO - Initiate the data ingestion
[ 2025-09-06 15:09:09,205 ] 65 root - INFO - Performed train test split on the dataframe
[ 2025-09-06 15:09:09,205 ] 67 root - INFO - Exited split_data_as_train_test method of Data_Ingestion class
[ 2025-09-06 15:09:09,205 ] 75 root - INFO - Exporting train and test file path.
[ 2025-09-06 15:09:09,227 ] 84 root - INFO - Exported train and test file path.
[ 2025-09-06 15:09:09,227 ] 22 root - INFO - Data Initiation Completed
[ 2025-09-06 15:09:09,230 ] 26 root - INFO - Initiate the data Validation
[ 2025-09-06 15:09:09,237 ] 32 root - INFO - Required number of columns:2
[ 2025-09-06 15:09:09,237 ] 33 root - INFO - Data frame has columns:31
[ 2025-09-06 15:09:09,237 ] 32 root - INFO - Required number of columns:2
[ 2025-09-06 15:09:09,237 ] 33 root - INFO - Data frame has columns:31
[ 2025-09-06 15:09:09,296 ] 28 root - INFO - data Validation Completed
[ 2025-09-06 15:09:09,296 ] 32 root - INFO - data Transformation started
[ 2025-09-06 15:09:09,296 ] 63 root - INFO - Entered initiate_data_transformation method of DataTransformation class
[ 2025-09-06 15:09:09,296 ] 65 root - INFO - Starting data transformation
[ 2025-09-06 15:09:09,304 ] 48 root - INFO - Entered get_data_trnasformer_object method of Trnasformation class
[ 2025-09-06 15:09:09,304 ] 53 root - INFO - Initialise KNNImputer with {'missing_values': nan, 'n_neighbors': 3, 'weights': 'uniform'}
[ 2025-09-06 15:09:09,307 ] 46 root - INFO - Entered the save_object method of MainUtils class
[ 2025-09-06 15:09:09,307 ] 50 root - INFO - Exited the save_object method of MainUtils class
[ 2025-09-06 15:09:09,308 ] 46 root - INFO - Entered the save_object method of MainUtils class
[ 2025-09-06 15:09:09,308 ] 50 root - INFO - Exited the save_object method of MainUtils class
[ 2025-09-06 15:09:09,308 ] 36 root - INFO - data Transformation completed
[ 2025-09-06 15:09:09,308 ] 38 root - INFO - Model Training sstared
