[ 2025-09-06 15:51:36,380 ] 1025 httpx - INFO - HTTP Request: GET https://dagshub.com/api/v1/user "HTTP/1.1 200 OK"
[ 2025-09-06 15:51:36,382 ] 107 dagshub - INFO - Accessing as Hima0456
[ 2025-09-06 15:51:36,555 ] 1025 httpx - INFO - HTTP Request: GET https://dagshub.com/api/v1/repos/Hima0456/NetworkSecurity "HTTP/1.1 200 OK"
[ 2025-09-06 15:51:36,684 ] 1025 httpx - INFO - HTTP Request: GET https://dagshub.com/api/v1/user "HTTP/1.1 200 OK"
[ 2025-09-06 15:51:36,687 ] 107 dagshub - INFO - Initialized MLflow to track repo "Hima0456/NetworkSecurity"
[ 2025-09-06 15:51:36,687 ] 107 dagshub - INFO - Repository Hima0456/NetworkSecurity initialized!
[ 2025-09-06 15:51:36,687 ] 20 root - INFO - Initiate the data ingestion
[ 2025-09-06 15:51:37,965 ] 65 root - INFO - Performed train test split on the dataframe
[ 2025-09-06 15:51:37,965 ] 67 root - INFO - Exited split_data_as_train_test method of Data_Ingestion class
[ 2025-09-06 15:51:37,965 ] 75 root - INFO - Exporting train and test file path.
[ 2025-09-06 15:51:37,988 ] 84 root - INFO - Exported train and test file path.
[ 2025-09-06 15:51:37,988 ] 22 root - INFO - Data Initiation Completed
[ 2025-09-06 15:51:37,990 ] 26 root - INFO - Initiate the data Validation
[ 2025-09-06 15:51:37,997 ] 32 root - INFO - Required number of columns:2
[ 2025-09-06 15:51:37,997 ] 33 root - INFO - Data frame has columns:31
[ 2025-09-06 15:51:37,997 ] 32 root - INFO - Required number of columns:2
[ 2025-09-06 15:51:37,997 ] 33 root - INFO - Data frame has columns:31
[ 2025-09-06 15:51:38,063 ] 28 root - INFO - data Validation Completed
[ 2025-09-06 15:51:38,063 ] 32 root - INFO - data Transformation started
[ 2025-09-06 15:51:38,063 ] 63 root - INFO - Entered initiate_data_transformation method of DataTransformation class
[ 2025-09-06 15:51:38,063 ] 65 root - INFO - Starting data transformation
[ 2025-09-06 15:51:38,070 ] 48 root - INFO - Entered get_data_trnasformer_object method of Trnasformation class
[ 2025-09-06 15:51:38,070 ] 53 root - INFO - Initialise KNNImputer with {'missing_values': nan, 'n_neighbors': 3, 'weights': 'uniform'}
[ 2025-09-06 15:51:38,073 ] 46 root - INFO - Entered the save_object method of MainUtils class
[ 2025-09-06 15:51:38,073 ] 50 root - INFO - Exited the save_object method of MainUtils class
[ 2025-09-06 15:51:38,073 ] 46 root - INFO - Entered the save_object method of MainUtils class
[ 2025-09-06 15:51:38,074 ] 50 root - INFO - Exited the save_object method of MainUtils class
[ 2025-09-06 15:51:38,074 ] 36 root - INFO - data Transformation completed
[ 2025-09-06 15:51:38,074 ] 38 root - INFO - Model Training stared
